<?xml version="1.0" encoding="UTF-8"?>
<testsuite xmlns:xsi="http://www.w3.org/2001/XMLSchema-instance" xsi:noNamespaceSchemaLocation="https://maven.apache.org/surefire/maven-surefire-plugin/xsd/surefire-test-report-3.0.xsd" version="3.0" name="TestSuite" time="29.669" tests="5" errors="0" skipped="0" failures="2">
  <properties>
[...]
</properties>
  <testcase name="GetProduct" classname="seleniumresttests.GetGTest" time="1.227">
    <system-out><![CDATA[Request method:	GET
Request URI:	https://search.gigatron.rs/v1/search/get?pojam=logitech%20g935
Proxy:			<none>
Request params:	<none>
Query params:	pojam=logitech g935
Form params:	<none>
Path params:	<none>
Headers:		Accept=*/*
Cookies:		<none>
Multiparts:		<none>
Body:			<none>
HTTP/1.1 200 OK
Server: nginx/1.16.1
Date: Thu, 14 Sep 2023 10:47:23 GMT
Content-Type: application/json; charset=utf-8
Transfer-Encoding: chunked
Connection: keep-alive
X-DNS-Prefetch-Control: off
X-Frame-Options: SAMEORIGIN
Strict-Transport-Security: max-age=15552000; includeSubDomains
X-Download-Options: noopen
X-Content-Type-Options: nosniff
X-XSS-Protection: 1; mode=block
Access-Control-Allow-Origin: *
ETag: W/"3f75-fWOLQ4LOk/qFcyYGLnp331+Fkig"
Vary: Accept-Encoding
Content-Encoding: gzip

{
    "took": 24,
    "timed_out": false,
    "_shards": {
        "total": 3,
        "successful": 3,
        "skipped": 0,
        "failed": 0
    },
    "hits": {
        "total": 2,
        "max_score": 211.28653,
        "hits": [
            {
                "_index": "gigatron",
                "_type": "product",
                "_id": "221790",
                "_score": 211.28653,
                "_source": {
                    "search_result_data": {
                        "id": 221790,
                        "product_id": 221790,
                        "ean": "5099206081918",
                        "master_id": "5099206081918",
                        "energy": null,
                        "name": "LOGITECH gejmerske slušalice G935 Wireless (Crna) 981 000744",
                        "title": "LOGITECH gejmerske slušalice G935 Wireless (Crna) 981 000744",
                        "brand": "Logitech",
                        "brand_id": "LOGITECH",
                        "gigadrive": 0,
                        "online_buy": 1,
                        "outlet": 0,
                        "brand_image": "https://img.gigatron.rs/img/brands/17d55d059591afc9c8d36f911f1e80f9.png",
                        "price": "25999.00",
                        "price_retail": "25999.00",
                        "price_history": "28499.00",
                        "specification_summary": [
                            {
                                "name": "Tip",
                                "value": "Klasične slušalice"
                            },
                            {
                                "name": "Bežične",
                                "value": "Da"
                            },
                            {
                                "name": "Gejmerske",
                                "value": "Da"
                            },
                            {
                                "name": "Povezivanje",
                                "value": "3.5mm + USB"
                            },
                            {
                                "name": "Mikrofon",
                                "value": "Da"
                            },
                            {
                                "name": "Pozicija mikrofona",
                                "value": "Na slušalici"
                            },
                            {
                                "name": "Osetljivost",
                                "value": "93dB"
                            }
                        ],
                        "small_image": "https://img.gigatron.rs/img/products/item/image64706af4141db.png",
                        "image": "https://img.gigatron.rs/img/products/medium/image64706af4141db.png",
                        "big_image": "https://img.gigatron.rs/img/products/large/image64706af4141db.png",
                        "customer_reviews": {
                            "count": 7,
                            "value": 4.624285714
                        },
                        "prices": {
                            "price": {
                                "label": "",
                                "value": 25999,
                                "formated": "25.999",
                                "class": "price",
                                "monet": "RSD"
                            },
                            "old": {
                                "label": "Stara cena",
                                "value": 28499,
                                "formated": "28.499",
                                "class": "old-price",
                                "monet": "RSD"
                            },
                            "saving": {
                                "label": "Ušteda",
                                "value": 2500,
                                "formated": "2.500",
                                "class": "saving-price",
                                "monet": "RSD"
                            },
                            "installment": {
                                "label": "Rata bez kamate već od:",
                                "value": 1083.2916666666667,
                                "formated": "108.3.2.916.666.666.667",
                                "class": "install-price",
                                "monet": "RSD",
                                "helper": "<div class=\"helper\"><ul><li>Plaćanje čpovima građana do 24 jednake mesečne rate bez kamate</li> <li>Raiffeisen web kredit – kupovina na 24 rate bez kamate</li> <li>Eurobank kredit - kupovina na 24 rate bez kamate</li> </ul> <p>*Iznos mesečnog održavanja nije uračunat u cenu</p> </div>"
                            }
                        },
                        "energy_sticker": {
                            "color": null,
                            "img": null,
                            "hover": null,
                            "name": null,
                            "label": null
                        },
                        "energy_file": null,
                        "stickers": {
                            "top": [
                                
                            ],
                            "bottom": [
                                
                            ],
                            "image": [
                                
                            ]
                        },
                        "img": "image64706af4141db.png",
                        "statistic_visits": 0,
                        "statistic_rating": 4.39,
                        "statistic_votes": 9,
                        "gift_url": "",
                        "gift_start_date": null,
                        "gift_end_date": null,
                        "promocode_id": [
                            
                        ],
                        "daily_deal": 0,
                        "daily_promotion": 0,
                        "stock": 8,
                        "shock": 0,
                        "top": 0,
                        "category": "TV, audio, video",
                        "category_id": 5,
                        "category_slug": "tv-audio-video",
                        "subcategory": "Slušalice",
                        "subcategory_id": 74,
                        "subcategory_slug": "slusalice",
                        "product_focus": 0,
                        "parent_id": null,
                        "group_name": null,
                        "group_slug": null,
                        "match_slug": "slusalice",
                        "url": "/slusalice/logitech-gejmerske-slusalice-g935-wireless-crna-981-000744-221790"
                    },
                    "search_data": {
                        "full_text": "221790 5099206081918 LOGITECH gejmerske slušalice G935 Wireless (Crna) 981 000744 LOGITECH TV, audio, video Slušalice Logitech LOGITECH gejmerske slušalice G935 Wireless (Crna) 981 000744  Klasične slušalice   3.5mm + USB  Na slušalici 93dB ",
                        "full_text_latinized": "221790 5099206081918 LOGITECH gejmerske slusalice G935 Wireless (Crna) 981 000744 LOGITECH TV, audio, video Slusalice Logitech LOGITECH gejmerske slusalice G935 Wireless (Crna) 981 000744  Klasicne slusalice   3.5mm + USB  Na slusalici 93dB ",
                        "full_text_boosted": "LOGITECH gejmerske slušalice G935 Wireless (Crna) 981 000744 LOGITECH TV, audio, video Slušalice Logitech LOGITECH gejmerske slušalice G935 Wireless (Crna) 981 000744",
                        "full_text_specification": "Tip Klasicne slusalice Bezicne Da Gejmerske Da Povezivanje 3.5mm + USB Mikrofon Da Tip mikrofona Usmereni (unidirectional) Pozicija mikrofona Na slusalici Sistem Virtual Surround 7.1 Precnik zvucnika 50 mm Frekventni odziv 20Hz - 20KHz Impedansa 39 Ω"
                    },
                    "suggestion_terms": [
                        "TV, audio, video",
                        "Slušalice",
                        "Logitech",
                        "LOGITECH",
                        "gejmerske",
                        "slušalice",
                        "G935",
                        "Wireless",
                        "(Crna)",
                        "981",
                        "000744"
                    ],
                    "number_sort": {
                        "final_gross_price": 25999
                    },
                    "facets": [
                        {
                            "facet-value": "Klasične slušalice",
                            "facet-id": 202742,
                            "facet-name-position": 1,
                            "facet-name": "Tip",
                            "facet-position": 1
                        },
                        {
                            "facet-value": "Da",
                            "facet-id": 203624,
                            "facet-name-position": 2,
                            "facet-name": "Bežične",
                            "facet-position": 1
                        },
                        {
                            "facet-value": "Da",
                            "facet-id": 203630,
                            "facet-name-position": 3,
                            "facet-name": "Gejmerske",
                            "facet-position": 1
                        },
                        {
                            "facet-value": "3.5mm + USB",
                            "facet-id": 10611,
                            "facet-name-position": 4,
                            "facet-name": "Povezivanje",
                            "facet-position": 27
                        },
                        {
                            "facet-value": "Da",
                            "facet-id": 48328,
                            "facet-name-position": 6,
                            "facet-name": "Mikrofon",
                            "facet-position": 1
                        },
                        {
                            "facet-value": "Usmereni (unidirectional)",
                            "facet-id": 203456,
                            "facet-name-position": 7,
                            "facet-name": "Tip mikrofona",
                            "facet-position": 2
                        },
                        {
                            "facet-value": "Na slušalici",
                            "facet-id": 48334,
                            "facet-name-position": 8,
                            "facet-name": "Pozicija mikrofona",
                            "facet-position": 1
                        },
                        {
                            "facet-value": "Virtual Surround 7.1",
                            "facet-id": 202913,
                            "facet-name-position": 14,
                            "facet-name": "Sistem",
                            "facet-position": 3
                        },
                        {
                            "facet-value": "50 mm",
                            "facet-id": 203051,
                            "facet-name-position": 15,
                            "facet-name": "Prečnik zvučnika",
                            "facet-position": 56
                        },
                        {
                            "facet-value": "20Hz - 20KHz",
                            "facet-id": 203204,
                            "facet-name-position": 17,
                            "facet-name": "Frekventni odziv",
                            "facet-position": 77
                        },
                        {
                            "facet-value": "39 Ω",
                            "facet-id": 204245,
                            "facet-name-position": 18,
                            "facet-name": "Impedansa",
                            "facet-position": 28
                        }
                    ]
                }
            },
            {
                "_index": "gigatron",
                "_type": "product",
                "_id": "545369",
                "_score": 21.404736,
                "_source": {
                    "search_result_data": {
                        "id": 545369,
                        "product_id": 545369,
                        "ean": "OUT899214",
                        "master_id": "OUT899214",
                        "energy": null,
                        "name": "LOGITECH gejmerske slušalice G935 Wireless (Crna) 981 000744 OUTLET",
                        "title": "LOGITECH gejmerske slušalice G935 Wireless (Crna) 981 000744 OUTLET",
                        "brand": "Logitech",
                        "brand_id": "LOGITECH",
                        "gigadrive": 0,
                        "online_buy": 0,
                        "outlet": 1,
                        "brand_image": "https://img.gigatron.rs/img/brands/17d55d059591afc9c8d36f911f1e80f9.png",
                        "price": "14999.00",
                        "price_retail": "14999.00",
                        "price_history": "19999.00",
                        "specification_summary": [
                            {
                                "name": "Tip",
                                "value": "Klasične slušalice"
                            },
                            {
                                "name": "Bežične",
                                "value": "Da"
                            },
                            {
                                "name": "Gejmerske",
                                "value": "Da"
                            },
                            {
                                "name": "Povezivanje",
                                "value": "3.5mm + USB"
                            },
                            {
                                "name": "Mikrofon",
                                "value": "Da"
                            },
                            {
                                "name": "Pozicija mikrofona",
                                "value": "Na slušalici"
                            },
                            {
                                "name": "Osetljivost",
                                "value": "93dB"
                            }
                        ],
                        "small_image": "https://img.gigatron.rs/img/products/item/image64706b3562885.jpg",
                        "image": "https://img.gigatron.rs/img/products/medium/image64706b3562885.jpg",
                        "big_image": "https://img.gigatron.rs/img/products/large/image64706b3562885.jpg",
                        "customer_reviews": {
                            "count": 0,
                            "value": 0
                        },
                        "prices": {
                            "price": {
                                "label": "",
                                "value": 14999,
                                "formated": "14.999",
                                "class": "price",
                                "monet": "RSD"
                            },
                            "old": {
                                "label": "Stara cena",
                                "value": 19999,
                                "formated": "19.999",
                                "class": "old-price",
                                "monet": "RSD"
                            },
                            "saving": {
                                "label": "Ušteda",
                                "value": 5000,
                                "formated": "5.000",
                                "class": "saving-price",
                                "monet": "RSD"
                            },
                            "installment": {
                                "label": "Rata bez kamate već od:",
                                "value": 624.9583333333334,
                                "formated": "62.4.9.583.333.333.334",
                                "class": "install-price",
                                "monet": "RSD",
                                "helper": "<div class=\"helper\"><ul><li>Plaćanje čpovima građana do 24 jednake mesečne rate bez kamate</li> <li>Raiffeisen web kredit – kupovina na 24 rate bez kamate</li> <li>Eurobank kredit - kupovina na 24 rate bez kamate</li> </ul> <p>*Iznos mesečnog održavanja nije uračunat u cenu</p> </div>"
                            }
                        },
                        "energy_sticker": {
                            "color": null,
                            "img": null,
                            "hover": null,
                            "name": null,
                            "label": null
                        },
                        "energy_file": null,
                        "stickers": {
                            "top": [
                                
                            ],
                            "bottom": [
                                
                            ],
                            "image": [
                                
                            ]
                        },
                        "img": "image64706b3562885.jpg",
                        "statistic_visits": 0,
                        "statistic_rating": 0,
                        "statistic_votes": 0,
                        "gift_url": "",
                        "gift_start_date": null,
                        "gift_end_date": null,
                        "promocode_id": [
                            
                        ],
                        "daily_deal": 0,
                        "daily_promotion": 0,
                        "stock": 1,
                        "shock": 0,
                        "top": 0,
                        "category": "TV, audio, video",
                        "category_id": 5,
                        "category_slug": "tv-audio-video",
                        "subcategory": "Slušalice",
                        "subcategory_id": 74,
                        "subcategory_slug": "slusalice",
                        "product_focus": 0,
                        "parent_id": null,
                        "group_name": null,
                        "group_slug": null,
                        "match_slug": "slusalice",
                        "url": "/slusalice/logitech-gejmerske-slusalice-g935-wireless-crna-981-000744-outlet-545369"
                    },
                    "search_data": {
                        "full_text": "545369 OUT899214 LOGITECH gejmerske slušalice G935 Wireless (Crna) 981 000744 OUTLET LOGITECH TV, audio, video Slušalice Logitech LOGITECH gejmerske slušalice G935 Wireless (Crna) 981 000744 OUTLET  Klasične slušalice   3.5mm + USB  Na slušalici 93dB ",
                        "full_text_latinized": "545369 OUT899214 LOGITECH gejmerske slusalice G935 Wireless (Crna) 981 000744 OUTLET LOGITECH TV, audio, video Slusalice Logitech LOGITECH gejmerske slusalice G935 Wireless (Crna) 981 000744 OUTLET  Klasicne slusalice   3.5mm + USB  Na slusalici 93dB ",
                        "full_text_boosted": "LOGITECH gejmerske slušalice G935 Wireless (Crna) 981 000744 OUTLET LOGITECH TV, audio, video Slušalice Logitech LOGITECH gejmerske slušalice G935 Wireless (Crna) 981 000744 OUTLET",
                        "full_text_specification": "Tip Klasicne slusalice Bezicne Da Gejmerske Da Povezivanje 3.5mm + USB Mikrofon Da Tip mikrofona Usmereni (unidirectional) Pozicija mikrofona Na slusalici Sistem Virtual Surround 7.1 Precnik zvucnika 50 mm Frekventni odziv 20Hz - 20KHz Impedansa 39 Ω"
                    },
                    "suggestion_terms": [
                        "TV, audio, video",
                        "Slušalice",
                        "Logitech",
                        "LOGITECH",
                        "gejmerske",
                        "slušalice",
                        "G935",
                        "Wireless",
                        "(Crna)",
                        "981",
                        "000744",
                        "OUTLET"
                    ],
                    "number_sort": {
                        "final_gross_price": 14999
                    },
                    "facets": [
                        {
                            "facet-value": "Klasične slušalice",
                            "facet-id": 202742,
                            "facet-name-position": 1,
                            "facet-name": "Tip",
                            "facet-position": 1
                        },
                        {
                            "facet-value": "Da",
                            "facet-id": 203624,
                            "facet-name-position": 2,
                            "facet-name": "Bežične",
                            "facet-position": 1
                        },
                        {
                            "facet-value": "Da",
                            "facet-id": 203630,
                            "facet-name-position": 3,
                            "facet-name": "Gejmerske",
                            "facet-position": 1
                        },
                        {
                            "facet-value": "3.5mm + USB",
                            "facet-id": 10611,
                            "facet-name-position": 4,
                            "facet-name": "Povezivanje",
                            "facet-position": 27
                        },
                        {
                            "facet-value": "Da",
                            "facet-id": 48328,
                            "facet-name-position": 6,
                            "facet-name": "Mikrofon",
                            "facet-position": 1
                        },
                        {
                            "facet-value": "Usmereni (unidirectional)",
                            "facet-id": 203456,
                            "facet-name-position": 7,
                            "facet-name": "Tip mikrofona",
                            "facet-position": 2
                        },
                        {
                            "facet-value": "Na slušalici",
                            "facet-id": 48334,
                            "facet-name-position": 8,
                            "facet-name": "Pozicija mikrofona",
                            "facet-position": 1
                        },
                        {
                            "facet-value": "Virtual Surround 7.1",
                            "facet-id": 202913,
                            "facet-name-position": 14,
                            "facet-name": "Sistem",
                            "facet-position": 3
                        },
                        {
                            "facet-value": "50 mm",
                            "facet-id": 203051,
                            "facet-name-position": 15,
                            "facet-name": "Prečnik zvučnika",
                            "facet-position": 56
                        },
                        {
                            "facet-value": "20Hz - 20KHz",
                            "facet-id": 203204,
                            "facet-name-position": 17,
                            "facet-name": "Frekventni odziv",
                            "facet-position": 77
                        },
                        {
                            "facet-value": "39 Ω",
                            "facet-id": 204245,
                            "facet-name-position": 18,
                            "facet-name": "Impedansa",
                            "facet-position": 28
                        }
                    ]
                }
            }
        ]
    },
    "aggregations": {
        "agg_full_filtered": {
            "meta": {
                
            },
            "doc_count": 2,
            "facets": {
                "doc_count": 22,
                "facetName": {
                    "doc_count_error_upper_bound": 0,
                    "sum_other_doc_count": 0,
                    "buckets": [
                        {
                            "key": "Tip",
                            "doc_count": 2,
                            "sum_top": {
                                "value": 1
                            },
                            "facetValue": {
                                "doc_count_error_upper_bound": 0,
                                "sum_other_doc_count": 0,
                                "buckets": [
                                    {
                                        "key": "Klasične slušalice",
                                        "doc_count": 2,
                                        "max_pos": {
                                            "value": 1
                                        }
                                    }
                                ]
                            }
                        },
                        {
                            "key": "Bežične",
                            "doc_count": 2,
                            "sum_top": {
                                "value": 2
                            },
                            "facetValue": {
                                "doc_count_error_upper_bound": 0,
                                "sum_other_doc_count": 0,
                                "buckets": [
                                    {
                                        "key": "Da",
                                        "doc_count": 2,
                                        "max_pos": {
                                            "value": 1
                                        }
                                    }
                                ]
                            }
                        },
                        {
                            "key": "Gejmerske",
                            "doc_count": 2,
                            "sum_top": {
                                "value": 3
                            },
                            "facetValue": {
                                "doc_count_error_upper_bound": 0,
                                "sum_other_doc_count": 0,
                                "buckets": [
                                    {
                                        "key": "Da",
                                        "doc_count": 2,
                                        "max_pos": {
                                            "value": 1
                                        }
                                    }
                                ]
                            }
                        },
                        {
                            "key": "Povezivanje",
                            "doc_count": 2,
                            "sum_top": {
                                "value": 4
                            },
                            "facetValue": {
                                "doc_count_error_upper_bound": 0,
                                "sum_other_doc_count": 0,
                                "buckets": [
                                    {
                                        "key": "3.5mm + USB",
                                        "doc_count": 2,
                                        "max_pos": {
                                            "value": 27
                                        }
                                    }
                                ]
                            }
                        },
                        {
                            "key": "Mikrofon",
                            "doc_count": 2,
                            "sum_top": {
                                "value": 6
                            },
                            "facetValue": {
                                "doc_count_error_upper_bound": 0,
                                "sum_other_doc_count": 0,
                                "buckets": [
                                    {
                                        "key": "Da",
                                        "doc_count": 2,
                                        "max_pos": {
                                            "value": 1
                                        }
                                    }
                                ]
                            }
                        },
                        {
                            "key": "Tip mikrofona",
                            "doc_count": 2,
                            "sum_top": {
                                "value": 7
                            },
                            "facetValue": {
                                "doc_count_error_upper_bound": 0,
                                "sum_other_doc_count": 0,
                                "buckets": [
                                    {
                                        "key": "Usmereni (unidirectional)",
                                        "doc_count": 2,
                                        "max_pos": {
                                            "value": 2
                                        }
                                    }
                                ]
                            }
                        },
                        {
                            "key": "Pozicija mikrofona",
                            "doc_count": 2,
                            "sum_top": {
                                "value": 8
                            },
                            "facetValue": {
                                "doc_count_error_upper_bound": 0,
                                "sum_other_doc_count": 0,
                                "buckets": [
                                    {
                                        "key": "Na slušalici",
                                        "doc_count": 2,
                                        "max_pos": {
                                            "value": 1
                                        }
                                    }
                                ]
                            }
                        },
                        {
                            "key": "Sistem",
                            "doc_count": 2,
                            "sum_top": {
                                "value": 14
                            },
                            "facetValue": {
                                "doc_count_error_upper_bound": 0,
                                "sum_other_doc_count": 0,
                                "buckets": [
                                    {
                                        "key": "Virtual Surround 7.1",
                                        "doc_count": 2,
                                        "max_pos": {
                                            "value": 3
                                        }
                                    }
                                ]
                            }
                        },
                        {
                            "key": "Prečnik zvučnika",
                            "doc_count": 2,
                            "sum_top": {
                                "value": 15
                            },
                            "facetValue": {
                                "doc_count_error_upper_bound": 0,
                                "sum_other_doc_count": 0,
                                "buckets": [
                                    {
                                        "key": "50 mm",
                                        "doc_count": 2,
                                        "max_pos": {
                                            "value": 56
                                        }
                                    }
                                ]
                            }
                        },
                        {
                            "key": "Frekventni odziv",
                            "doc_count": 2,
                            "sum_top": {
                                "value": 17
                            },
                            "facetValue": {
                                "doc_count_error_upper_bound": 0,
                                "sum_other_doc_count": 0,
                                "buckets": [
                                    {
                                        "key": "20Hz - 20KHz",
                                        "doc_count": 2,
                                        "max_pos": {
                                            "value": 77
                                        }
                                    }
                                ]
                            }
                        },
                        {
                            "key": "Impedansa",
                            "doc_count": 2,
                            "sum_top": {
                                "value": 18
                            },
                            "facetValue": {
                                "doc_count_error_upper_bound": 0,
                                "sum_other_doc_count": 0,
                                "buckets": [
                                    {
                                        "key": "39 Ω",
                                        "doc_count": 2,
                                        "max_pos": {
                                            "value": 28
                                        }
                                    }
                                ]
                            }
                        }
                    ]
                }
            }
        },
        "max_price": {
            "meta": {
                
            },
            "doc_count": 2,
            "price": {
                "value": 25999
            }
        },
        "brands": {
            "meta": {
                
            },
            "doc_count": 2,
            "names": {
                "doc_count_error_upper_bound": 0,
                "sum_other_doc_count": 0,
                "buckets": [
                    {
                        "key": "Logitech",
                        "doc_count": 2
                    }
                ]
            }
        },
        "min_price": {
            "meta": {
                
            },
            "doc_count": 2,
            "price": {
                "value": 14999
            }
        },
        "categories": {
            "meta": {
                
            },
            "doc_count": 2,
            "names": {
                "doc_count_error_upper_bound": 0,
                "sum_other_doc_count": 0,
                "buckets": [
                    {
                        "key": "Slušalice",
                        "doc_count": 2
                    }
                ]
            }
        },
        "agg_full": {
            "meta": {
                
            },
            "doc_count": 2,
            "facets": {
                "doc_count": 22,
                "facetName": {
                    "doc_count_error_upper_bound": 0,
                    "sum_other_doc_count": 0,
                    "buckets": [
                        {
                            "key": "Tip",
                            "doc_count": 2,
                            "sum_top": {
                                "value": 1
                            },
                            "facetValue": {
                                "doc_count_error_upper_bound": 0,
                                "sum_other_doc_count": 0,
                                "buckets": [
                                    {
                                        "key": "Klasične slušalice",
                                        "doc_count": 2,
                                        "max_pos": {
                                            "value": 1
                                        }
                                    }
                                ]
                            }
                        },
                        {
                            "key": "Bežične",
                            "doc_count": 2,
                            "sum_top": {
                                "value": 2
                            },
                            "facetValue": {
                                "doc_count_error_upper_bound": 0,
                                "sum_other_doc_count": 0,
                                "buckets": [
                                    {
                                        "key": "Da",
                                        "doc_count": 2,
                                        "max_pos": {
                                            "value": 1
                                        }
                                    }
                                ]
                            }
                        },
                        {
                            "key": "Gejmerske",
                            "doc_count": 2,
                            "sum_top": {
                                "value": 3
                            },
                            "facetValue": {
                                "doc_count_error_upper_bound": 0,
                                "sum_other_doc_count": 0,
                                "buckets": [
                                    {
                                        "key": "Da",
                                        "doc_count": 2,
                                        "max_pos": {
                                            "value": 1
                                        }
                                    }
                                ]
                            }
                        },
                        {
                            "key": "Povezivanje",
                            "doc_count": 2,
                            "sum_top": {
                                "value": 4
                            },
                            "facetValue": {
                                "doc_count_error_upper_bound": 0,
                                "sum_other_doc_count": 0,
                                "buckets": [
                                    {
                                        "key": "3.5mm + USB",
                                        "doc_count": 2,
                                        "max_pos": {
                                            "value": 27
                                        }
                                    }
                                ]
                            }
                        },
                        {
                            "key": "Mikrofon",
                            "doc_count": 2,
                            "sum_top": {
                                "value": 6
                            },
                            "facetValue": {
                                "doc_count_error_upper_bound": 0,
                                "sum_other_doc_count": 0,
                                "buckets": [
                                    {
                                        "key": "Da",
                                        "doc_count": 2,
                                        "max_pos": {
                                            "value": 1
                                        }
                                    }
                                ]
                            }
                        },
                        {
                            "key": "Tip mikrofona",
                            "doc_count": 2,
                            "sum_top": {
                                "value": 7
                            },
                            "facetValue": {
                                "doc_count_error_upper_bound": 0,
                                "sum_other_doc_count": 0,
                                "buckets": [
                                    {
                                        "key": "Usmereni (unidirectional)",
                                        "doc_count": 2,
                                        "max_pos": {
                                            "value": 2
                                        }
                                    }
                                ]
                            }
                        },
                        {
                            "key": "Pozicija mikrofona",
                            "doc_count": 2,
                            "sum_top": {
                                "value": 8
                            },
                            "facetValue": {
                                "doc_count_error_upper_bound": 0,
                                "sum_other_doc_count": 0,
                                "buckets": [
                                    {
                                        "key": "Na slušalici",
                                        "doc_count": 2,
                                        "max_pos": {
                                            "value": 1
                                        }
                                    }
                                ]
                            }
                        },
                        {
                            "key": "Sistem",
                            "doc_count": 2,
                            "sum_top": {
                                "value": 14
                            },
                            "facetValue": {
                                "doc_count_error_upper_bound": 0,
                                "sum_other_doc_count": 0,
                                "buckets": [
                                    {
                                        "key": "Virtual Surround 7.1",
                                        "doc_count": 2,
                                        "max_pos": {
                                            "value": 3
                                        }
                                    }
                                ]
                            }
                        },
                        {
                            "key": "Prečnik zvučnika",
                            "doc_count": 2,
                            "sum_top": {
                                "value": 15
                            },
                            "facetValue": {
                                "doc_count_error_upper_bound": 0,
                                "sum_other_doc_count": 0,
                                "buckets": [
                                    {
                                        "key": "50 mm",
                                        "doc_count": 2,
                                        "max_pos": {
                                            "value": 56
                                        }
                                    }
                                ]
                            }
                        },
                        {
                            "key": "Frekventni odziv",
                            "doc_count": 2,
                            "sum_top": {
                                "value": 17
                            },
                            "facetValue": {
                                "doc_count_error_upper_bound": 0,
                                "sum_other_doc_count": 0,
                                "buckets": [
                                    {
                                        "key": "20Hz - 20KHz",
                                        "doc_count": 2,
                                        "max_pos": {
                                            "value": 77
                                        }
                                    }
                                ]
                            }
                        },
                        {
                            "key": "Impedansa",
                            "doc_count": 2,
                            "sum_top": {
                                "value": 18
                            },
                            "facetValue": {
                                "doc_count_error_upper_bound": 0,
                                "sum_other_doc_count": 0,
                                "buckets": [
                                    {
                                        "key": "39 Ω",
                                        "doc_count": 2,
                                        "max_pos": {
                                            "value": 28
                                        }
                                    }
                                ]
                            }
                        }
                    ]
                }
            }
        }
    },
    "suggest": {
        "category": [
            {
                "text": "logitech g935",
                "offset": 0,
                "length": 13,
                "options": [
                    
                ]
            }
        ],
        "smart_word": [
            {
                "text": "logitech",
                "offset": 0,
                "length": 8,
                "options": [
                    
                ]
            },
            {
                "text": "g935",
                "offset": 9,
                "length": 4,
                "options": [
                    {
                        "text": "g915",
                        "score": 0.75,
                        "freq": 2
                    },
                    {
                        "text": "g435",
                        "score": 0.75,
                        "freq": 1
                    },
                    {
                        "text": "g985",
                        "score": 0.75,
                        "freq": 1
                    },
                    {
                        "text": "g733",
                        "score": 0.5,
                        "freq": 2
                    },
                    {
                        "text": "g125",
                        "score": 0.5,
                        "freq": 1
                    }
                ]
            }
        ],
        "spelling-suggestion": [
            {
                "text": "logitech&amp#31;g935",
                "offset": 0,
                "length": 13,
                "options": [
                    
                ]
            }
        ]
    },
    "totalPages": 1,
    "currentPage": 1,
    "active_filters": {
        "price": [
            
        ],
        "facets": [
            
        ]
    },
    "sort": "score",
    "keyword": "logitech g935",
    "limit": 24
}
*****************************************************
{"took":24,"timed_out":false,"_shards":{"total":3,"successful":3,"skipped":0,"failed":0},"hits":{"total":2,"max_score":211.28653,"hits":[{"_index":"gigatron","_type":"product","_id":"221790","_score":211.28653,"_source":{"search_result_data":{"id":221790,"product_id":221790,"ean":"5099206081918","master_id":"5099206081918","energy":null,"name":"LOGITECH gejmerske slušalice G935 Wireless (Crna) 981 000744","title":"LOGITECH gejmerske slušalice G935 Wireless (Crna) 981 000744","brand":"Logitech","brand_id":"LOGITECH","gigadrive":0,"online_buy":1,"outlet":0,"brand_image":"https://img.gigatron.rs/img/brands/17d55d059591afc9c8d36f911f1e80f9.png","price":"25999.00","price_retail":"25999.00","price_history":"28499.00","specification_summary":[{"name":"Tip","value":"Klasične slušalice"},{"name":"Bežične","value":"Da"},{"name":"Gejmerske","value":"Da"},{"name":"Povezivanje","value":"3.5mm + USB"},{"name":"Mikrofon","value":"Da"},{"name":"Pozicija mikrofona","value":"Na slušalici"},{"name":"Osetljivost","value":"93dB"}],"small_image":"https://img.gigatron.rs/img/products/item/image64706af4141db.png","image":"https://img.gigatron.rs/img/products/medium/image64706af4141db.png","big_image":"https://img.gigatron.rs/img/products/large/image64706af4141db.png","customer_reviews":{"count":7,"value":4.624285714},"prices":{"price":{"label":"","value":25999,"formated":"25.999","class":"price","monet":"RSD"},"old":{"label":"Stara cena","value":28499,"formated":"28.499","class":"old-price","monet":"RSD"},"saving":{"label":"Ušteda","value":2500,"formated":"2.500","class":"saving-price","monet":"RSD"},"installment":{"label":"Rata bez kamate već od:","value":1083.2916666666667,"formated":"108.3.2.916.666.666.667","class":"install-price","monet":"RSD","helper":"<div class=\"helper\"><ul><li>Plaćanje čpovima građana do 24 jednake mesečne rate bez kamate</li> <li>Raiffeisen web kredit – kupovina na 24 rate bez kamate</li> <li>Eurobank kredit - kupovina na 24 rate bez kamate</li> </ul> <p>*Iznos mesečnog održavanja nije uračunat u cenu</p> </div>"}},"energy_sticker":{"color":null,"img":null,"hover":null,"name":null,"label":null},"energy_file":null,"stickers":{"top":[],"bottom":[],"image":[]},"img":"image64706af4141db.png","statistic_visits":0,"statistic_rating":4.39,"statistic_votes":9,"gift_url":"","gift_start_date":null,"gift_end_date":null,"promocode_id":[],"daily_deal":0,"daily_promotion":0,"stock":8,"shock":0,"top":0,"category":"TV, audio, video","category_id":5,"category_slug":"tv-audio-video","subcategory":"Slušalice","subcategory_id":74,"subcategory_slug":"slusalice","product_focus":0,"parent_id":null,"group_name":null,"group_slug":null,"match_slug":"slusalice","url":"/slusalice/logitech-gejmerske-slusalice-g935-wireless-crna-981-000744-221790"},"search_data":{"full_text":"221790 5099206081918 LOGITECH gejmerske slušalice G935 Wireless (Crna) 981 000744 LOGITECH TV, audio, video Slušalice Logitech LOGITECH gejmerske slušalice G935 Wireless (Crna) 981 000744  Klasične slušalice   3.5mm + USB  Na slušalici 93dB ","full_text_latinized":"221790 5099206081918 LOGITECH gejmerske slusalice G935 Wireless (Crna) 981 000744 LOGITECH TV, audio, video Slusalice Logitech LOGITECH gejmerske slusalice G935 Wireless (Crna) 981 000744  Klasicne slusalice   3.5mm + USB  Na slusalici 93dB ","full_text_boosted":"LOGITECH gejmerske slušalice G935 Wireless (Crna) 981 000744 LOGITECH TV, audio, video Slušalice Logitech LOGITECH gejmerske slušalice G935 Wireless (Crna) 981 000744","full_text_specification":"Tip Klasicne slusalice Bezicne Da Gejmerske Da Povezivanje 3.5mm + USB Mikrofon Da Tip mikrofona Usmereni (unidirectional) Pozicija mikrofona Na slusalici Sistem Virtual Surround 7.1 Precnik zvucnika 50 mm Frekventni odziv 20Hz - 20KHz Impedansa 39 Ω"},"suggestion_terms":["TV, audio, video","Slušalice","Logitech","LOGITECH","gejmerske","slušalice","G935","Wireless","(Crna)","981","000744"],"number_sort":{"final_gross_price":25999},"facets":[{"facet-value":"Klasične slušalice","facet-id":202742,"facet-name-position":1,"facet-name":"Tip","facet-position":1},{"facet-value":"Da","facet-id":203624,"facet-name-position":2,"facet-name":"Bežične","facet-position":1},{"facet-value":"Da","facet-id":203630,"facet-name-position":3,"facet-name":"Gejmerske","facet-position":1},{"facet-value":"3.5mm + USB","facet-id":10611,"facet-name-position":4,"facet-name":"Povezivanje","facet-position":27},{"facet-value":"Da","facet-id":48328,"facet-name-position":6,"facet-name":"Mikrofon","facet-position":1},{"facet-value":"Usmereni (unidirectional)","facet-id":203456,"facet-name-position":7,"facet-name":"Tip mikrofona","facet-position":2},{"facet-value":"Na slušalici","facet-id":48334,"facet-name-position":8,"facet-name":"Pozicija mikrofona","facet-position":1},{"facet-value":"Virtual Surround 7.1","facet-id":202913,"facet-name-position":14,"facet-name":"Sistem","facet-position":3},{"facet-value":"50 mm","facet-id":203051,"facet-name-position":15,"facet-name":"Prečnik zvučnika","facet-position":56},{"facet-value":"20Hz - 20KHz","facet-id":203204,"facet-name-position":17,"facet-name":"Frekventni odziv","facet-position":77},{"facet-value":"39 Ω","facet-id":204245,"facet-name-position":18,"facet-name":"Impedansa","facet-position":28}]}},{"_index":"gigatron","_type":"product","_id":"545369","_score":21.404736,"_source":{"search_result_data":{"id":545369,"product_id":545369,"ean":"OUT899214","master_id":"OUT899214","energy":null,"name":"LOGITECH gejmerske slušalice G935 Wireless (Crna) 981 000744 OUTLET","title":"LOGITECH gejmerske slušalice G935 Wireless (Crna) 981 000744 OUTLET","brand":"Logitech","brand_id":"LOGITECH","gigadrive":0,"online_buy":0,"outlet":1,"brand_image":"https://img.gigatron.rs/img/brands/17d55d059591afc9c8d36f911f1e80f9.png","price":"14999.00","price_retail":"14999.00","price_history":"19999.00","specification_summary":[{"name":"Tip","value":"Klasične slušalice"},{"name":"Bežične","value":"Da"},{"name":"Gejmerske","value":"Da"},{"name":"Povezivanje","value":"3.5mm + USB"},{"name":"Mikrofon","value":"Da"},{"name":"Pozicija mikrofona","value":"Na slušalici"},{"name":"Osetljivost","value":"93dB"}],"small_image":"https://img.gigatron.rs/img/products/item/image64706b3562885.jpg","image":"https://img.gigatron.rs/img/products/medium/image64706b3562885.jpg","big_image":"https://img.gigatron.rs/img/products/large/image64706b3562885.jpg","customer_reviews":{"count":0,"value":0},"prices":{"price":{"label":"","value":14999,"formated":"14.999","class":"price","monet":"RSD"},"old":{"label":"Stara cena","value":19999,"formated":"19.999","class":"old-price","monet":"RSD"},"saving":{"label":"Ušteda","value":5000,"formated":"5.000","class":"saving-price","monet":"RSD"},"installment":{"label":"Rata bez kamate već od:","value":624.9583333333334,"formated":"62.4.9.583.333.333.334","class":"install-price","monet":"RSD","helper":"<div class=\"helper\"><ul><li>Plaćanje čpovima građana do 24 jednake mesečne rate bez kamate</li> <li>Raiffeisen web kredit – kupovina na 24 rate bez kamate</li> <li>Eurobank kredit - kupovina na 24 rate bez kamate</li> </ul> <p>*Iznos mesečnog održavanja nije uračunat u cenu</p> </div>"}},"energy_sticker":{"color":null,"img":null,"hover":null,"name":null,"label":null},"energy_file":null,"stickers":{"top":[],"bottom":[],"image":[]},"img":"image64706b3562885.jpg","statistic_visits":0,"statistic_rating":0,"statistic_votes":0,"gift_url":"","gift_start_date":null,"gift_end_date":null,"promocode_id":[],"daily_deal":0,"daily_promotion":0,"stock":1,"shock":0,"top":0,"category":"TV, audio, video","category_id":5,"category_slug":"tv-audio-video","subcategory":"Slušalice","subcategory_id":74,"subcategory_slug":"slusalice","product_focus":0,"parent_id":null,"group_name":null,"group_slug":null,"match_slug":"slusalice","url":"/slusalice/logitech-gejmerske-slusalice-g935-wireless-crna-981-000744-outlet-545369"},"search_data":{"full_text":"545369 OUT899214 LOGITECH gejmerske slušalice G935 Wireless (Crna) 981 000744 OUTLET LOGITECH TV, audio, video Slušalice Logitech LOGITECH gejmerske slušalice G935 Wireless (Crna) 981 000744 OUTLET  Klasične slušalice   3.5mm + USB  Na slušalici 93dB ","full_text_latinized":"545369 OUT899214 LOGITECH gejmerske slusalice G935 Wireless (Crna) 981 000744 OUTLET LOGITECH TV, audio, video Slusalice Logitech LOGITECH gejmerske slusalice G935 Wireless (Crna) 981 000744 OUTLET  Klasicne slusalice   3.5mm + USB  Na slusalici 93dB ","full_text_boosted":"LOGITECH gejmerske slušalice G935 Wireless (Crna) 981 000744 OUTLET LOGITECH TV, audio, video Slušalice Logitech LOGITECH gejmerske slušalice G935 Wireless (Crna) 981 000744 OUTLET","full_text_specification":"Tip Klasicne slusalice Bezicne Da Gejmerske Da Povezivanje 3.5mm + USB Mikrofon Da Tip mikrofona Usmereni (unidirectional) Pozicija mikrofona Na slusalici Sistem Virtual Surround 7.1 Precnik zvucnika 50 mm Frekventni odziv 20Hz - 20KHz Impedansa 39 Ω"},"suggestion_terms":["TV, audio, video","Slušalice","Logitech","LOGITECH","gejmerske","slušalice","G935","Wireless","(Crna)","981","000744","OUTLET"],"number_sort":{"final_gross_price":14999},"facets":[{"facet-value":"Klasične slušalice","facet-id":202742,"facet-name-position":1,"facet-name":"Tip","facet-position":1},{"facet-value":"Da","facet-id":203624,"facet-name-position":2,"facet-name":"Bežične","facet-position":1},{"facet-value":"Da","facet-id":203630,"facet-name-position":3,"facet-name":"Gejmerske","facet-position":1},{"facet-value":"3.5mm + USB","facet-id":10611,"facet-name-position":4,"facet-name":"Povezivanje","facet-position":27},{"facet-value":"Da","facet-id":48328,"facet-name-position":6,"facet-name":"Mikrofon","facet-position":1},{"facet-value":"Usmereni (unidirectional)","facet-id":203456,"facet-name-position":7,"facet-name":"Tip mikrofona","facet-position":2},{"facet-value":"Na slušalici","facet-id":48334,"facet-name-position":8,"facet-name":"Pozicija mikrofona","facet-position":1},{"facet-value":"Virtual Surround 7.1","facet-id":202913,"facet-name-position":14,"facet-name":"Sistem","facet-position":3},{"facet-value":"50 mm","facet-id":203051,"facet-name-position":15,"facet-name":"Prečnik zvučnika","facet-position":56},{"facet-value":"20Hz - 20KHz","facet-id":203204,"facet-name-position":17,"facet-name":"Frekventni odziv","facet-position":77},{"facet-value":"39 Ω","facet-id":204245,"facet-name-position":18,"facet-name":"Impedansa","facet-position":28}]}}]},"aggregations":{"agg_full_filtered":{"meta":{},"doc_count":2,"facets":{"doc_count":22,"facetName":{"doc_count_error_upper_bound":0,"sum_other_doc_count":0,"buckets":[{"key":"Tip","doc_count":2,"sum_top":{"value":1},"facetValue":{"doc_count_error_upper_bound":0,"sum_other_doc_count":0,"buckets":[{"key":"Klasične slušalice","doc_count":2,"max_pos":{"value":1}}]}},{"key":"Bežične","doc_count":2,"sum_top":{"value":2},"facetValue":{"doc_count_error_upper_bound":0,"sum_other_doc_count":0,"buckets":[{"key":"Da","doc_count":2,"max_pos":{"value":1}}]}},{"key":"Gejmerske","doc_count":2,"sum_top":{"value":3},"facetValue":{"doc_count_error_upper_bound":0,"sum_other_doc_count":0,"buckets":[{"key":"Da","doc_count":2,"max_pos":{"value":1}}]}},{"key":"Povezivanje","doc_count":2,"sum_top":{"value":4},"facetValue":{"doc_count_error_upper_bound":0,"sum_other_doc_count":0,"buckets":[{"key":"3.5mm + USB","doc_count":2,"max_pos":{"value":27}}]}},{"key":"Mikrofon","doc_count":2,"sum_top":{"value":6},"facetValue":{"doc_count_error_upper_bound":0,"sum_other_doc_count":0,"buckets":[{"key":"Da","doc_count":2,"max_pos":{"value":1}}]}},{"key":"Tip mikrofona","doc_count":2,"sum_top":{"value":7},"facetValue":{"doc_count_error_upper_bound":0,"sum_other_doc_count":0,"buckets":[{"key":"Usmereni (unidirectional)","doc_count":2,"max_pos":{"value":2}}]}},{"key":"Pozicija mikrofona","doc_count":2,"sum_top":{"value":8},"facetValue":{"doc_count_error_upper_bound":0,"sum_other_doc_count":0,"buckets":[{"key":"Na slušalici","doc_count":2,"max_pos":{"value":1}}]}},{"key":"Sistem","doc_count":2,"sum_top":{"value":14},"facetValue":{"doc_count_error_upper_bound":0,"sum_other_doc_count":0,"buckets":[{"key":"Virtual Surround 7.1","doc_count":2,"max_pos":{"value":3}}]}},{"key":"Prečnik zvučnika","doc_count":2,"sum_top":{"value":15},"facetValue":{"doc_count_error_upper_bound":0,"sum_other_doc_count":0,"buckets":[{"key":"50 mm","doc_count":2,"max_pos":{"value":56}}]}},{"key":"Frekventni odziv","doc_count":2,"sum_top":{"value":17},"facetValue":{"doc_count_error_upper_bound":0,"sum_other_doc_count":0,"buckets":[{"key":"20Hz - 20KHz","doc_count":2,"max_pos":{"value":77}}]}},{"key":"Impedansa","doc_count":2,"sum_top":{"value":18},"facetValue":{"doc_count_error_upper_bound":0,"sum_other_doc_count":0,"buckets":[{"key":"39 Ω","doc_count":2,"max_pos":{"value":28}}]}}]}}},"max_price":{"meta":{},"doc_count":2,"price":{"value":25999}},"brands":{"meta":{},"doc_count":2,"names":{"doc_count_error_upper_bound":0,"sum_other_doc_count":0,"buckets":[{"key":"Logitech","doc_count":2}]}},"min_price":{"meta":{},"doc_count":2,"price":{"value":14999}},"categories":{"meta":{},"doc_count":2,"names":{"doc_count_error_upper_bound":0,"sum_other_doc_count":0,"buckets":[{"key":"Slušalice","doc_count":2}]}},"agg_full":{"meta":{},"doc_count":2,"facets":{"doc_count":22,"facetName":{"doc_count_error_upper_bound":0,"sum_other_doc_count":0,"buckets":[{"key":"Tip","doc_count":2,"sum_top":{"value":1},"facetValue":{"doc_count_error_upper_bound":0,"sum_other_doc_count":0,"buckets":[{"key":"Klasične slušalice","doc_count":2,"max_pos":{"value":1}}]}},{"key":"Bežične","doc_count":2,"sum_top":{"value":2},"facetValue":{"doc_count_error_upper_bound":0,"sum_other_doc_count":0,"buckets":[{"key":"Da","doc_count":2,"max_pos":{"value":1}}]}},{"key":"Gejmerske","doc_count":2,"sum_top":{"value":3},"facetValue":{"doc_count_error_upper_bound":0,"sum_other_doc_count":0,"buckets":[{"key":"Da","doc_count":2,"max_pos":{"value":1}}]}},{"key":"Povezivanje","doc_count":2,"sum_top":{"value":4},"facetValue":{"doc_count_error_upper_bound":0,"sum_other_doc_count":0,"buckets":[{"key":"3.5mm + USB","doc_count":2,"max_pos":{"value":27}}]}},{"key":"Mikrofon","doc_count":2,"sum_top":{"value":6},"facetValue":{"doc_count_error_upper_bound":0,"sum_other_doc_count":0,"buckets":[{"key":"Da","doc_count":2,"max_pos":{"value":1}}]}},{"key":"Tip mikrofona","doc_count":2,"sum_top":{"value":7},"facetValue":{"doc_count_error_upper_bound":0,"sum_other_doc_count":0,"buckets":[{"key":"Usmereni (unidirectional)","doc_count":2,"max_pos":{"value":2}}]}},{"key":"Pozicija mikrofona","doc_count":2,"sum_top":{"value":8},"facetValue":{"doc_count_error_upper_bound":0,"sum_other_doc_count":0,"buckets":[{"key":"Na slušalici","doc_count":2,"max_pos":{"value":1}}]}},{"key":"Sistem","doc_count":2,"sum_top":{"value":14},"facetValue":{"doc_count_error_upper_bound":0,"sum_other_doc_count":0,"buckets":[{"key":"Virtual Surround 7.1","doc_count":2,"max_pos":{"value":3}}]}},{"key":"Prečnik zvučnika","doc_count":2,"sum_top":{"value":15},"facetValue":{"doc_count_error_upper_bound":0,"sum_other_doc_count":0,"buckets":[{"key":"50 mm","doc_count":2,"max_pos":{"value":56}}]}},{"key":"Frekventni odziv","doc_count":2,"sum_top":{"value":17},"facetValue":{"doc_count_error_upper_bound":0,"sum_other_doc_count":0,"buckets":[{"key":"20Hz - 20KHz","doc_count":2,"max_pos":{"value":77}}]}},{"key":"Impedansa","doc_count":2,"sum_top":{"value":18},"facetValue":{"doc_count_error_upper_bound":0,"sum_other_doc_count":0,"buckets":[{"key":"39 Ω","doc_count":2,"max_pos":{"value":28}}]}}]}}}},"suggest":{"category":[{"text":"logitech g935","offset":0,"length":13,"options":[]}],"smart_word":[{"text":"logitech","offset":0,"length":8,"options":[]},{"text":"g935","offset":9,"length":4,"options":[{"text":"g915","score":0.75,"freq":2},{"text":"g435","score":0.75,"freq":1},{"text":"g985","score":0.75,"freq":1},{"text":"g733","score":0.5,"freq":2},{"text":"g125","score":0.5,"freq":1}]}],"spelling-suggestion":[{"text":"logitech\u001fg935","offset":0,"length":13,"options":[]}]},"totalPages":1,"currentPage":1,"active_filters":{"price":[],"facets":[]},"sort":"score","keyword":"logitech g935","limit":24}
]]></system-out>
    <system-err><![CDATA[SLF4J: Failed to load class "org.slf4j.impl.StaticLoggerBinder".
SLF4J: Defaulting to no-operation (NOP) logger implementation
SLF4J: See http://www.slf4j.org/codes.html#StaticLoggerBinder for further details.
]]></system-err>
  </testcase>
  <testcase name="GetProductData" classname="seleniumresttests.GetGTest" time="0.623">
    <failure message="The following asserts failed:&#10;	expected [true] but found [false]" type="java.lang.AssertionError"><![CDATA[java.lang.AssertionError: 
The following asserts failed:
	expected [true] but found [false]
	at org.testng.asserts.SoftAssert.assertAll(SoftAssert.java:46)
	at org.testng.asserts.SoftAssert.assertAll(SoftAssert.java:30)
	at seleniumresttests.GetGTest.GetProductData(GetGTest.java:57)
	at java.base/jdk.internal.reflect.NativeMethodAccessorImpl.invoke0(Native Method)
	at java.base/jdk.internal.reflect.NativeMethodAccessorImpl.invoke(NativeMethodAccessorImpl.java:77)
	at java.base/jdk.internal.reflect.DelegatingMethodAccessorImpl.invoke(DelegatingMethodAccessorImpl.java:43)
	at java.base/java.lang.reflect.Method.invoke(Method.java:568)
	at org.testng.internal.invokers.MethodInvocationHelper.invokeMethod(MethodInvocationHelper.java:139)
	at org.testng.internal.invokers.TestInvoker.invokeMethod(TestInvoker.java:664)
	at org.testng.internal.invokers.TestInvoker.invokeTestMethod(TestInvoker.java:227)
	at org.testng.internal.invokers.MethodRunner.runInSequence(MethodRunner.java:50)
	at org.testng.internal.invokers.TestInvoker$MethodInvocationAgent.invoke(TestInvoker.java:957)
	at org.testng.internal.invokers.TestInvoker.invokeTestMethods(TestInvoker.java:200)
	at org.testng.internal.invokers.TestMethodWorker.invokeTestMethods(TestMethodWorker.java:148)
	at org.testng.internal.invokers.TestMethodWorker.run(TestMethodWorker.java:128)
	at java.base/java.util.ArrayList.forEach(ArrayList.java:1511)
	at org.testng.TestRunner.privateRun(TestRunner.java:848)
	at org.testng.TestRunner.run(TestRunner.java:621)
	at org.testng.SuiteRunner.runTest(SuiteRunner.java:443)
	at org.testng.SuiteRunner.runSequentially(SuiteRunner.java:437)
	at org.testng.SuiteRunner.privateRun(SuiteRunner.java:397)
	at org.testng.SuiteRunner.run(SuiteRunner.java:336)
	at org.testng.SuiteRunnerWorker.runSuite(SuiteRunnerWorker.java:52)
	at org.testng.SuiteRunnerWorker.run(SuiteRunnerWorker.java:95)
	at org.testng.TestNG.runSuitesSequentially(TestNG.java:1280)
	at org.testng.TestNG.runSuitesLocally(TestNG.java:1200)
	at org.testng.TestNG.runSuites(TestNG.java:1114)
	at org.testng.TestNG.run(TestNG.java:1082)
	at org.apache.maven.surefire.testng.TestNGExecutor.run(TestNGExecutor.java:155)
	at org.apache.maven.surefire.testng.TestNGDirectoryTestSuite.executeMulti(TestNGDirectoryTestSuite.java:169)
	at org.apache.maven.surefire.testng.TestNGDirectoryTestSuite.execute(TestNGDirectoryTestSuite.java:88)
	at org.apache.maven.surefire.testng.TestNGProvider.invoke(TestNGProvider.java:137)
	at org.apache.maven.surefire.booter.ForkedBooter.runSuitesInProcess(ForkedBooter.java:385)
	at org.apache.maven.surefire.booter.ForkedBooter.execute(ForkedBooter.java:162)
	at org.apache.maven.surefire.booter.ForkedBooter.run(ForkedBooter.java:507)
	at org.apache.maven.surefire.booter.ForkedBooter.main(ForkedBooter.java:495)
]]></failure>
    <system-out><![CDATA[LOGITECH gejmerske slušalice G935 Wireless (Crna) 981 000744
Logitech
]]></system-out>
  </testcase>
  <testcase name="GetProductData" classname="seleniumresttests.GetSearchSpecBuilderTest" time="0.147">
    <failure message="The following asserts failed:&#10;	expected [true] but found [false]" type="java.lang.AssertionError"><![CDATA[java.lang.AssertionError: 
The following asserts failed:
	expected [true] but found [false]
	at org.testng.asserts.SoftAssert.assertAll(SoftAssert.java:46)
	at org.testng.asserts.SoftAssert.assertAll(SoftAssert.java:30)
	at seleniumresttests.GetSearchSpecBuilderTest.GetProductData(GetSearchSpecBuilderTest.java:43)
	at java.base/jdk.internal.reflect.NativeMethodAccessorImpl.invoke0(Native Method)
	at java.base/jdk.internal.reflect.NativeMethodAccessorImpl.invoke(NativeMethodAccessorImpl.java:77)
	at java.base/jdk.internal.reflect.DelegatingMethodAccessorImpl.invoke(DelegatingMethodAccessorImpl.java:43)
	at java.base/java.lang.reflect.Method.invoke(Method.java:568)
	at org.testng.internal.invokers.MethodInvocationHelper.invokeMethod(MethodInvocationHelper.java:139)
	at org.testng.internal.invokers.TestInvoker.invokeMethod(TestInvoker.java:664)
	at org.testng.internal.invokers.TestInvoker.invokeTestMethod(TestInvoker.java:227)
	at org.testng.internal.invokers.MethodRunner.runInSequence(MethodRunner.java:50)
	at org.testng.internal.invokers.TestInvoker$MethodInvocationAgent.invoke(TestInvoker.java:957)
	at org.testng.internal.invokers.TestInvoker.invokeTestMethods(TestInvoker.java:200)
	at org.testng.internal.invokers.TestMethodWorker.invokeTestMethods(TestMethodWorker.java:148)
	at org.testng.internal.invokers.TestMethodWorker.run(TestMethodWorker.java:128)
	at java.base/java.util.ArrayList.forEach(ArrayList.java:1511)
	at org.testng.TestRunner.privateRun(TestRunner.java:848)
	at org.testng.TestRunner.run(TestRunner.java:621)
	at org.testng.SuiteRunner.runTest(SuiteRunner.java:443)
	at org.testng.SuiteRunner.runSequentially(SuiteRunner.java:437)
	at org.testng.SuiteRunner.privateRun(SuiteRunner.java:397)
	at org.testng.SuiteRunner.run(SuiteRunner.java:336)
	at org.testng.SuiteRunnerWorker.runSuite(SuiteRunnerWorker.java:52)
	at org.testng.SuiteRunnerWorker.run(SuiteRunnerWorker.java:95)
	at org.testng.TestNG.runSuitesSequentially(TestNG.java:1280)
	at org.testng.TestNG.runSuitesLocally(TestNG.java:1200)
	at org.testng.TestNG.runSuites(TestNG.java:1114)
	at org.testng.TestNG.run(TestNG.java:1082)
	at org.apache.maven.surefire.testng.TestNGExecutor.run(TestNGExecutor.java:155)
	at org.apache.maven.surefire.testng.TestNGDirectoryTestSuite.executeMulti(TestNGDirectoryTestSuite.java:169)
	at org.apache.maven.surefire.testng.TestNGDirectoryTestSuite.execute(TestNGDirectoryTestSuite.java:88)
	at org.apache.maven.surefire.testng.TestNGProvider.invoke(TestNGProvider.java:137)
	at org.apache.maven.surefire.booter.ForkedBooter.runSuitesInProcess(ForkedBooter.java:385)
	at org.apache.maven.surefire.booter.ForkedBooter.execute(ForkedBooter.java:162)
	at org.apache.maven.surefire.booter.ForkedBooter.run(ForkedBooter.java:507)
	at org.apache.maven.surefire.booter.ForkedBooter.main(ForkedBooter.java:495)
]]></failure>
    <system-out><![CDATA[LOGITECH gejmerske slušalice G935 Wireless (Crna) 981 000744
Logitech
]]></system-out>
  </testcase>
  <testcase name="SubmitOrder" classname="seleniumresttests.SubmitOrderTest" time="9.595"/>
  <testcase name="SubmitOrder" classname="seleniumresttests.SubmitOrderThreadsTest" time="10.683"/>
</testsuite>