<?xml version="1.0" encoding="UTF-8"?>
<!-- Generated by org.testng.reporters.JUnitXMLReporter -->
<testsuite ignored="0" hostname="DESKTOP-MT4B5IO" failures="0" tests="11" name="Submit order test" time="176.226" errors="0" timestamp="2023-09-14T14:45:07 CEST">
  <testcase classname="seleniumresttests.SubmitOrderTest" name="SubmitOrder" time="9.23"/>
  <testcase classname="seleniumresttests.SubmitOrderThreadsTest" name="SubmitOrder" time="12.768"/>
  <testcase classname="seleniumresttests.SubmitOrderThreadsTest" name="SubmitOrder" time="12.613"/>
  <testcase classname="seleniumresttests.SubmitOrderThreadsTest" name="SubmitOrder" time="13.721"/>
  <testcase classname="seleniumresttests.SubmitOrderThreadsTest" name="SubmitOrder" time="12.324"/>
  <testcase classname="seleniumresttests.SubmitOrderThreadsTest" name="SubmitOrder" time="13.351"/>
  <testcase classname="seleniumresttests.SubmitOrderThreadsTest" name="SubmitOrder" time="12.641"/>
  <testcase classname="seleniumresttests.SubmitOrderThreadsTest" name="SubmitOrder" time="13.155"/>
  <testcase classname="seleniumresttests.SubmitOrderThreadsTest" name="SubmitOrder" time="13.085"/>
  <testcase classname="seleniumresttests.SubmitOrderThreadsTest" name="SubmitOrder" time="12.656"/>
  <testcase classname="seleniumresttests.SubmitOrderThreadsTest" name="SubmitOrder" time="12.609"/>
</testsuite> <!-- Submit order test -->
